

Started GET "/assets/rails.png" for 127.0.0.1 at 2014-03-27 21:50:32 -0300
Connecting to database specified by database.yml

ActiveRecord::ConnectionNotEstablished (ActiveRecord::ConnectionNotEstablished):
  activerecord (3.2.17) lib/active_record/connection_adapters/abstract/connection_pool.rb:410:in `retrieve_connection'
  activerecord (3.2.17) lib/active_record/connection_adapters/abstract/connection_specification.rb:171:in `retrieve_connection'
  activerecord (3.2.17) lib/active_record/connection_adapters/abstract/connection_specification.rb:145:in `connection'
  activerecord (3.2.17) lib/active_record/query_cache.rb:67:in `rescue in call'
  activerecord (3.2.17) lib/active_record/query_cache.rb:61:in `call'
  activerecord (3.2.17) lib/active_record/connection_adapters/abstract/connection_pool.rb:479:in `call'
  actionpack (3.2.17) lib/action_dispatch/middleware/callbacks.rb:28:in `block in call'
  activesupport (3.2.17) lib/active_support/callbacks.rb:405:in `_run__1369852247934887922__call__14290845573506915__callbacks'
  activesupport (3.2.17) lib/active_support/callbacks.rb:405:in `__run_callback'
  activesupport (3.2.17) lib/active_support/callbacks.rb:385:in `_run_call_callbacks'
  activesupport (3.2.17) lib/active_support/callbacks.rb:81:in `run_callbacks'
  actionpack (3.2.17) lib/action_dispatch/middleware/callbacks.rb:27:in `call'
  actionpack (3.2.17) lib/action_dispatch/middleware/reloader.rb:65:in `call'
  actionpack (3.2.17) lib/action_dispatch/middleware/remote_ip.rb:31:in `call'
  actionpack (3.2.17) lib/action_dispatch/middleware/debug_exceptions.rb:16:in `call'
  actionpack (3.2.17) lib/action_dispatch/middleware/show_exceptions.rb:56:in `call'
  railties (3.2.17) lib/rails/rack/logger.rb:32:in `call_app'
  railties (3.2.17) lib/rails/rack/logger.rb:16:in `block in call'
  activesupport (3.2.17) lib/active_support/tagged_logging.rb:22:in `tagged'
  railties (3.2.17) lib/rails/rack/logger.rb:16:in `call'
  actionpack (3.2.17) lib/action_dispatch/middleware/request_id.rb:22:in `call'
  rack (1.4.5) lib/rack/methodoverride.rb:21:in `call'
  rack (1.4.5) lib/rack/runtime.rb:17:in `call'
  activesupport (3.2.17) lib/active_support/cache/strategy/local_cache.rb:72:in `call'
  rack (1.4.5) lib/rack/lock.rb:15:in `call'
  actionpack (3.2.17) lib/action_dispatch/middleware/static.rb:63:in `call'
  railties (3.2.17) lib/rails/engine.rb:484:in `call'
  railties (3.2.17) lib/rails/application.rb:231:in `call'
  rack (1.4.5) lib/rack/content_length.rb:14:in `call'
  railties (3.2.17) lib/rails/rack/log_tailer.rb:17:in `call'
  rack (1.4.5) lib/rack/handler/webrick.rb:59:in `service'
  /home/juan/.rvm/rubies/ruby-1.9.3-p545/lib/ruby/1.9.1/webrick/httpserver.rb:138:in `service'
  /home/juan/.rvm/rubies/ruby-1.9.3-p545/lib/ruby/1.9.1/webrick/httpserver.rb:94:in `run'
  /home/juan/.rvm/rubies/ruby-1.9.3-p545/lib/ruby/1.9.1/webrick/server.rb:191:in `block in start_thread'


  Rendered /home/juan/.rvm/gems/ruby-1.9.3-p545/gems/actionpack-3.2.17/lib/action_dispatch/middleware/templates/rescues/_trace.erb (0.8ms)
  Rendered /home/juan/.rvm/gems/ruby-1.9.3-p545/gems/actionpack-3.2.17/lib/action_dispatch/middleware/templates/rescues/_request_and_response.erb (1.5ms)
  Rendered /home/juan/.rvm/gems/ruby-1.9.3-p545/gems/actionpack-3.2.17/lib/action_dispatch/middleware/templates/rescues/diagnostics.erb within rescues/layout (6.4ms)


Started GET "/assets/rails.png" for 127.0.0.1 at 2014-03-27 21:50:54 -0300

ActiveRecord::ConnectionNotEstablished (ActiveRecord::ConnectionNotEstablished):
  activerecord (3.2.17) lib/active_record/connection_adapters/abstract/connection_pool.rb:410:in `retrieve_connection'
  activerecord (3.2.17) lib/active_record/connection_adapters/abstract/connection_specification.rb:171:in `retrieve_connection'
  activerecord (3.2.17) lib/active_record/connection_adapters/abstract/connection_specification.rb:145:in `connection'
  activerecord (3.2.17) lib/active_record/query_cache.rb:67:in `rescue in call'
  activerecord (3.2.17) lib/active_record/query_cache.rb:61:in `call'
  activerecord (3.2.17) lib/active_record/connection_adapters/abstract/connection_pool.rb:479:in `call'
  actionpack (3.2.17) lib/action_dispatch/middleware/callbacks.rb:28:in `block in call'
  activesupport (3.2.17) lib/active_support/callbacks.rb:405:in `_run__1369852247934887922__call__14290845573506915__callbacks'
  activesupport (3.2.17) lib/active_support/callbacks.rb:405:in `__run_callback'
  activesupport (3.2.17) lib/active_support/callbacks.rb:385:in `_run_call_callbacks'
  activesupport (3.2.17) lib/active_support/callbacks.rb:81:in `run_callbacks'
  actionpack (3.2.17) lib/action_dispatch/middleware/callbacks.rb:27:in `call'
  actionpack (3.2.17) lib/action_dispatch/middleware/reloader.rb:65:in `call'
  actionpack (3.2.17) lib/action_dispatch/middleware/remote_ip.rb:31:in `call'
  actionpack (3.2.17) lib/action_dispatch/middleware/debug_exceptions.rb:16:in `call'
  actionpack (3.2.17) lib/action_dispatch/middleware/show_exceptions.rb:56:in `call'
  railties (3.2.17) lib/rails/rack/logger.rb:32:in `call_app'
  railties (3.2.17) lib/rails/rack/logger.rb:16:in `block in call'
  activesupport (3.2.17) lib/active_support/tagged_logging.rb:22:in `tagged'
  railties (3.2.17) lib/rails/rack/logger.rb:16:in `call'
  actionpack (3.2.17) lib/action_dispatch/middleware/request_id.rb:22:in `call'
  rack (1.4.5) lib/rack/methodoverride.rb:21:in `call'
  rack (1.4.5) lib/rack/runtime.rb:17:in `call'
  activesupport (3.2.17) lib/active_support/cache/strategy/local_cache.rb:72:in `call'
  rack (1.4.5) lib/rack/lock.rb:15:in `call'
  actionpack (3.2.17) lib/action_dispatch/middleware/static.rb:63:in `call'
  railties (3.2.17) lib/rails/engine.rb:484:in `call'
  railties (3.2.17) lib/rails/application.rb:231:in `call'
  rack (1.4.5) lib/rack/content_length.rb:14:in `call'
  railties (3.2.17) lib/rails/rack/log_tailer.rb:17:in `call'
  rack (1.4.5) lib/rack/handler/webrick.rb:59:in `service'
  /home/juan/.rvm/rubies/ruby-1.9.3-p545/lib/ruby/1.9.1/webrick/httpserver.rb:138:in `service'
  /home/juan/.rvm/rubies/ruby-1.9.3-p545/lib/ruby/1.9.1/webrick/httpserver.rb:94:in `run'
  /home/juan/.rvm/rubies/ruby-1.9.3-p545/lib/ruby/1.9.1/webrick/server.rb:191:in `block in start_thread'


  Rendered /home/juan/.rvm/gems/ruby-1.9.3-p545/gems/actionpack-3.2.17/lib/action_dispatch/middleware/templates/rescues/_trace.erb (1.3ms)
  Rendered /home/juan/.rvm/gems/ruby-1.9.3-p545/gems/actionpack-3.2.17/lib/action_dispatch/middleware/templates/rescues/_request_and_response.erb (1.2ms)
  Rendered /home/juan/.rvm/gems/ruby-1.9.3-p545/gems/actionpack-3.2.17/lib/action_dispatch/middleware/templates/rescues/diagnostics.erb within rescues/layout (6.5ms)


Started GET "/index.html" for 127.0.0.1 at 2014-03-28 10:04:14 -0300
Connecting to database specified by database.yml

ActionController::RoutingError (No route matches [GET] "/index.html"):
  actionpack (3.2.17) lib/action_dispatch/middleware/debug_exceptions.rb:21:in `call'
  actionpack (3.2.17) lib/action_dispatch/middleware/show_exceptions.rb:56:in `call'
  railties (3.2.17) lib/rails/rack/logger.rb:32:in `call_app'
  railties (3.2.17) lib/rails/rack/logger.rb:16:in `block in call'
  activesupport (3.2.17) lib/active_support/tagged_logging.rb:22:in `tagged'
  railties (3.2.17) lib/rails/rack/logger.rb:16:in `call'
  actionpack (3.2.17) lib/action_dispatch/middleware/request_id.rb:22:in `call'
  rack (1.4.5) lib/rack/methodoverride.rb:21:in `call'
  rack (1.4.5) lib/rack/runtime.rb:17:in `call'
  activesupport (3.2.17) lib/active_support/cache/strategy/local_cache.rb:72:in `call'
  rack (1.4.5) lib/rack/lock.rb:15:in `call'
  actionpack (3.2.17) lib/action_dispatch/middleware/static.rb:63:in `call'
  railties (3.2.17) lib/rails/engine.rb:484:in `call'
  railties (3.2.17) lib/rails/application.rb:231:in `call'
  rack (1.4.5) lib/rack/content_length.rb:14:in `call'
  railties (3.2.17) lib/rails/rack/log_tailer.rb:17:in `call'
  rack (1.4.5) lib/rack/handler/webrick.rb:59:in `service'
  /home/juan/.rvm/rubies/ruby-1.9.3-p545/lib/ruby/1.9.1/webrick/httpserver.rb:138:in `service'
  /home/juan/.rvm/rubies/ruby-1.9.3-p545/lib/ruby/1.9.1/webrick/httpserver.rb:94:in `run'
  /home/juan/.rvm/rubies/ruby-1.9.3-p545/lib/ruby/1.9.1/webrick/server.rb:191:in `block in start_thread'


  Rendered /home/juan/.rvm/gems/ruby-1.9.3-p545/gems/actionpack-3.2.17/lib/action_dispatch/middleware/templates/rescues/routing_error.erb within rescues/layout (14.4ms)


Started GET "/" for 127.0.0.1 at 2014-03-28 10:04:19 -0300

ActionController::RoutingError (uninitialized constant HomeController):
  activesupport (3.2.17) lib/active_support/inflector/methods.rb:230:in `block in constantize'
  activesupport (3.2.17) lib/active_support/inflector/methods.rb:229:in `each'
  activesupport (3.2.17) lib/active_support/inflector/methods.rb:229:in `constantize'
  actionpack (3.2.17) lib/action_dispatch/routing/route_set.rb:69:in `controller_reference'
  actionpack (3.2.17) lib/action_dispatch/routing/route_set.rb:54:in `controller'
  actionpack (3.2.17) lib/action_dispatch/routing/route_set.rb:32:in `call'
  journey (1.0.4) lib/journey/router.rb:68:in `block in call'
  journey (1.0.4) lib/journey/router.rb:56:in `each'
  journey (1.0.4) lib/journey/router.rb:56:in `call'
  actionpack (3.2.17) lib/action_dispatch/routing/route_set.rb:608:in `call'
  actionpack (3.2.17) lib/action_dispatch/middleware/best_standards_support.rb:17:in `call'
  rack (1.4.5) lib/rack/etag.rb:23:in `call'
  rack (1.4.5) lib/rack/conditionalget.rb:25:in `call'
  actionpack (3.2.17) lib/action_dispatch/middleware/head.rb:14:in `call'
  actionpack (3.2.17) lib/action_dispatch/middleware/params_parser.rb:21:in `call'
  actionpack (3.2.17) lib/action_dispatch/middleware/flash.rb:242:in `call'
  rack (1.4.5) lib/rack/session/abstract/id.rb:210:in `context'
  rack (1.4.5) lib/rack/session/abstract/id.rb:205:in `call'
  actionpack (3.2.17) lib/action_dispatch/middleware/cookies.rb:341:in `call'
  activerecord (3.2.17) lib/active_record/query_cache.rb:64:in `call'
  activerecord (3.2.17) lib/active_record/connection_adapters/abstract/connection_pool.rb:479:in `call'
  actionpack (3.2.17) lib/action_dispatch/middleware/callbacks.rb:28:in `block in call'
  activesupport (3.2.17) lib/active_support/callbacks.rb:405:in `_run__2597041630894017018__call__2385329650045337660__callbacks'
  activesupport (3.2.17) lib/active_support/callbacks.rb:405:in `__run_callback'
  activesupport (3.2.17) lib/active_support/callbacks.rb:385:in `_run_call_callbacks'
  activesupport (3.2.17) lib/active_support/callbacks.rb:81:in `run_callbacks'
  actionpack (3.2.17) lib/action_dispatch/middleware/callbacks.rb:27:in `call'
  actionpack (3.2.17) lib/action_dispatch/middleware/reloader.rb:65:in `call'
  actionpack (3.2.17) lib/action_dispatch/middleware/remote_ip.rb:31:in `call'
  actionpack (3.2.17) lib/action_dispatch/middleware/debug_exceptions.rb:16:in `call'
  actionpack (3.2.17) lib/action_dispatch/middleware/show_exceptions.rb:56:in `call'
  railties (3.2.17) lib/rails/rack/logger.rb:32:in `call_app'
  railties (3.2.17) lib/rails/rack/logger.rb:16:in `block in call'
  activesupport (3.2.17) lib/active_support/tagged_logging.rb:22:in `tagged'
  railties (3.2.17) lib/rails/rack/logger.rb:16:in `call'
  actionpack (3.2.17) lib/action_dispatch/middleware/request_id.rb:22:in `call'
  rack (1.4.5) lib/rack/methodoverride.rb:21:in `call'
  rack (1.4.5) lib/rack/runtime.rb:17:in `call'
  activesupport (3.2.17) lib/active_support/cache/strategy/local_cache.rb:72:in `call'
  rack (1.4.5) lib/rack/lock.rb:15:in `call'
  actionpack (3.2.17) lib/action_dispatch/middleware/static.rb:63:in `call'
  railties (3.2.17) lib/rails/engine.rb:484:in `call'
  railties (3.2.17) lib/rails/application.rb:231:in `call'
  rack (1.4.5) lib/rack/content_length.rb:14:in `call'
  railties (3.2.17) lib/rails/rack/log_tailer.rb:17:in `call'
  rack (1.4.5) lib/rack/handler/webrick.rb:59:in `service'
  /home/juan/.rvm/rubies/ruby-1.9.3-p545/lib/ruby/1.9.1/webrick/httpserver.rb:138:in `service'
  /home/juan/.rvm/rubies/ruby-1.9.3-p545/lib/ruby/1.9.1/webrick/httpserver.rb:94:in `run'
  /home/juan/.rvm/rubies/ruby-1.9.3-p545/lib/ruby/1.9.1/webrick/server.rb:191:in `block in start_thread'


  Rendered /home/juan/.rvm/gems/ruby-1.9.3-p545/gems/actionpack-3.2.17/lib/action_dispatch/middleware/templates/rescues/routing_error.erb within rescues/layout (0.5ms)
Connecting to database specified by database.yml
Connecting to database specified by database.yml
  [1m[36m (63.1ms)[0m  [1mCREATE TABLE `schema_migrations` (`version` varchar(255) NOT NULL) ENGINE=InnoDB[0m
  [1m[35m (158.3ms)[0m  CREATE UNIQUE INDEX `unique_schema_migrations` ON `schema_migrations` (`version`)
  [1m[36m (23.3ms)[0m  [1mSELECT `schema_migrations`.`version` FROM `schema_migrations` [0m
Migrating to CreateProducts (20140328130819)
Connecting to database specified by database.yml
  [1m[36m (1.0ms)[0m  [1mSELECT `schema_migrations`.`version` FROM `schema_migrations` [0m
Migrating to CreateProducts (20140328130819)
  [1m[35m (88.9ms)[0m  CREATE TABLE `products` (`id` int(11) DEFAULT NULL auto_increment PRIMARY KEY, `name` varchar(255), `description` varchar(255), `price` decimal, `category_id_id` int(11), `created_at` datetime NOT NULL, `updated_at` datetime NOT NULL) ENGINE=InnoDB
  [1m[36m (41.1ms)[0m  [1mINSERT INTO `schema_migrations` (`version`) VALUES ('20140328130819')[0m
  [1m[35m (0.4ms)[0m  SELECT `schema_migrations`.`version` FROM `schema_migrations` 
Connecting to database specified by database.yml
  [1m[36m (75.4ms)[0m  [1mDROP DATABASE IF EXISTS `deliveries_development`[0m
  [1m[35m (0.2ms)[0m  CREATE DATABASE `deliveries_development` DEFAULT CHARACTER SET `utf8` COLLATE `utf8_unicode_ci`
  [1m[36m (61.3ms)[0m  [1mCREATE TABLE `products` (`id` int(11) DEFAULT NULL auto_increment PRIMARY KEY, `name` varchar(255), `description` varchar(255), `price` decimal(10,0), `category_id_id` int(11), `created_at` datetime NOT NULL, `updated_at` datetime NOT NULL) ENGINE=InnoDB[0m
  [1m[35m (83.4ms)[0m  CREATE TABLE `schema_migrations` (`version` varchar(255) NOT NULL) ENGINE=InnoDB
  [1m[36m (150.2ms)[0m  [1mCREATE UNIQUE INDEX `unique_schema_migrations` ON `schema_migrations` (`version`)[0m
  [1m[35m (0.5ms)[0m  SELECT version FROM `schema_migrations`
  [1m[36m (30.9ms)[0m  [1mINSERT INTO `schema_migrations` (version) VALUES ('20140328130819')[0m
  [1m[35m (2.5ms)[0m  SELECT `schema_migrations`.`version` FROM `schema_migrations` 
Connecting to database specified by database.yml
  [1m[36m (344.4ms)[0m  [1mCREATE TABLE `schema_migrations` (`version` varchar(255) NOT NULL) ENGINE=InnoDB[0m
  [1m[35m (142.7ms)[0m  CREATE UNIQUE INDEX `unique_schema_migrations` ON `schema_migrations` (`version`)
  [1m[36m (2.2ms)[0m  [1mSELECT `schema_migrations`.`version` FROM `schema_migrations` [0m
Migrating to CreateProducts (20140328130819)
  [1m[35m (73.2ms)[0m  CREATE TABLE `products` (`id` int(11) DEFAULT NULL auto_increment PRIMARY KEY, `name` varchar(255), `description` varchar(255), `price` decimal, `categories_id` int(11), `created_at` datetime NOT NULL, `updated_at` datetime NOT NULL) ENGINE=InnoDB
  [1m[36m (32.4ms)[0m  [1mINSERT INTO `schema_migrations` (`version`) VALUES ('20140328130819')[0m
  [1m[35m (1.0ms)[0m  SELECT `schema_migrations`.`version` FROM `schema_migrations` 
Connecting to database specified by database.yml
  [1m[36m (69.5ms)[0m  [1mCREATE TABLE `schema_migrations` (`version` varchar(255) NOT NULL) ENGINE=InnoDB[0m
  [1m[35m (149.5ms)[0m  CREATE UNIQUE INDEX `unique_schema_migrations` ON `schema_migrations` (`version`)
  [1m[36m (2.2ms)[0m  [1mSELECT `schema_migrations`.`version` FROM `schema_migrations` [0m
Migrating to CreateProducts (20140328130819)
  [1m[35m (84.1ms)[0m  CREATE TABLE `products` (`id` int(11) DEFAULT NULL auto_increment PRIMARY KEY, `name` varchar(255), `description` text, `price` decimal, `categories_id` int(11), `created_at` datetime NOT NULL, `updated_at` datetime NOT NULL) ENGINE=InnoDB
  [1m[36m (32.5ms)[0m  [1mINSERT INTO `schema_migrations` (`version`) VALUES ('20140328130819')[0m
  [1m[35m (0.3ms)[0m  SELECT `schema_migrations`.`version` FROM `schema_migrations` 
Connecting to database specified by database.yml
Connecting to database specified by database.yml
  [1m[36m (0.9ms)[0m  [1mSELECT `schema_migrations`.`version` FROM `schema_migrations` [0m
Migrating to CreateProducts (20140328130819)
Migrating to CreateCategories (20140328132327)
  [1m[35m (85.2ms)[0m  CREATE TABLE `categories` (`id` int(11) DEFAULT NULL auto_increment PRIMARY KEY, `name` varchar(255), `picture` varchar(255), `created_at` datetime NOT NULL, `updated_at` datetime NOT NULL) ENGINE=InnoDB
  [1m[36m (23.7ms)[0m  [1mINSERT INTO `schema_migrations` (`version`) VALUES ('20140328132327')[0m
  [1m[35m (0.2ms)[0m  SELECT `schema_migrations`.`version` FROM `schema_migrations` 
Connecting to database specified by database.yml
  [1m[36m (1.0ms)[0m  [1mSELECT `schema_migrations`.`version` FROM `schema_migrations` [0m
Connecting to database specified by database.yml
  [1m[36m (0.9ms)[0m  [1mSELECT `schema_migrations`.`version` FROM `schema_migrations` [0m
Connecting to database specified by database.yml
  [1m[36m (0.8ms)[0m  [1mSELECT `schema_migrations`.`version` FROM `schema_migrations` [0m
Connecting to database specified by database.yml
  [1m[36m (0.9ms)[0m  [1mSELECT `schema_migrations`.`version` FROM `schema_migrations` [0m
  [1m[35m (0.2ms)[0m  BEGIN
  [1m[36mSQL (0.4ms)[0m  [1mINSERT INTO `categories` (`created_at`, `name`, `picture`, `updated_at`) VALUES ('2014-03-28 13:26:32', 'Pizzetas', '/img/categories/pizzetas.jpg', '2014-03-28 13:26:32')[0m
  [1m[35m (41.5ms)[0m  COMMIT
  [1m[36m (0.2ms)[0m  [1mBEGIN[0m
  [1m[35mSQL (0.3ms)[0m  INSERT INTO `categories` (`created_at`, `name`, `picture`, `updated_at`) VALUES ('2014-03-28 13:26:32', 'Ensaladas', '/img/categories/ensaladas.jpg', '2014-03-28 13:26:32')
  [1m[36m (21.0ms)[0m  [1mCOMMIT[0m
Connecting to database specified by database.yml
  [1m[36m (0.9ms)[0m  [1mSELECT `schema_migrations`.`version` FROM `schema_migrations` [0m
  [1m[35m (0.1ms)[0m  BEGIN
  [1m[36mSQL (0.2ms)[0m  [1mINSERT INTO `categories` (`created_at`, `name`, `picture`, `updated_at`) VALUES ('2014-03-28 13:26:39', 'Pizzetas', '/img/categories/pizzetas.jpg', '2014-03-28 13:26:39')[0m
  [1m[35m (44.9ms)[0m  COMMIT
  [1m[36m (0.2ms)[0m  [1mBEGIN[0m
  [1m[35mSQL (0.3ms)[0m  INSERT INTO `categories` (`created_at`, `name`, `picture`, `updated_at`) VALUES ('2014-03-28 13:26:39', 'Ensaladas', '/img/categories/ensaladas.jpg', '2014-03-28 13:26:39')
  [1m[36m (50.1ms)[0m  [1mCOMMIT[0m
Connecting to database specified by database.yml
  [1m[36m (1.0ms)[0m  [1mSELECT `schema_migrations`.`version` FROM `schema_migrations` [0m
  [1m[35m (0.2ms)[0m  BEGIN
  [1m[36mSQL (0.4ms)[0m  [1mINSERT INTO `categories` (`created_at`, `name`, `picture`, `updated_at`) VALUES ('2014-03-28 13:29:44', 'Pizzetas', '/img/categories/pizzetas.jpg', '2014-03-28 13:29:44')[0m
  [1m[35m (32.5ms)[0m  COMMIT
  [1m[36m (0.2ms)[0m  [1mBEGIN[0m
  [1m[35mSQL (0.4ms)[0m  INSERT INTO `categories` (`created_at`, `name`, `picture`, `updated_at`) VALUES ('2014-03-28 13:29:44', 'Ensaladas', '/img/categories/ensaladas.jpg', '2014-03-28 13:29:44')
  [1m[36m (28.8ms)[0m  [1mCOMMIT[0m
Connecting to database specified by database.yml
  [1m[36m (0.9ms)[0m  [1mSELECT `schema_migrations`.`version` FROM `schema_migrations` [0m
  [1m[35m (0.2ms)[0m  BEGIN
  [1m[36mSQL (0.3ms)[0m  [1mINSERT INTO `categories` (`created_at`, `name`, `picture`, `updated_at`) VALUES ('2014-03-28 13:30:47', 'Pizzetas', '/img/categories/pizzetas.jpg', '2014-03-28 13:30:47')[0m
  [1m[35m (31.6ms)[0m  COMMIT
  [1m[36m (0.2ms)[0m  [1mBEGIN[0m
  [1m[35mSQL (0.4ms)[0m  INSERT INTO `categories` (`created_at`, `name`, `picture`, `updated_at`) VALUES ('2014-03-28 13:30:47', 'Ensaladas', '/img/categories/ensaladas.jpg', '2014-03-28 13:30:47')
  [1m[36m (29.2ms)[0m  [1mCOMMIT[0m
DEPRECATION WARNING: You're trying to create an attribute `category_id'. Writing arbitrary attributes on a model is deprecated. Please just use `attr_writer` etc. (called from <top (required)> at /home/juan/projects/deliveries/db/seeds.rb:7)
  [1m[35m (0.3ms)[0m  BEGIN
  [1m[36mSQL (0.5ms)[0m  [1mINSERT INTO `products` (`categories_id`, `created_at`, `description`, `name`, `price`, `updated_at`) VALUES (NULL, '2014-03-28 13:30:48', 'Mozzarella, salsa de tomates, provolone artesanal, tomates secos hidratados en vino blanco y tomillo fresco.', 'Pizzeta Don Zoilo', 295, '2014-03-28 13:30:48')[0m
  [1m[35m (36.8ms)[0m  COMMIT
DEPRECATION WARNING: You're trying to create an attribute `category_id'. Writing arbitrary attributes on a model is deprecated. Please just use `attr_writer` etc. (called from <top (required)> at /home/juan/projects/deliveries/db/seeds.rb:13)
  [1m[36m (0.2ms)[0m  [1mBEGIN[0m
  [1m[35mSQL (0.3ms)[0m  INSERT INTO `products` (`categories_id`, `created_at`, `description`, `name`, `price`, `updated_at`) VALUES (NULL, '2014-03-28 13:30:48', 'Selección de verdes (rúcula, lechuga crespa, lechuga mora, albahaca fresca), salmón ahumado, alcaparras, mozzarella de bola y alineo de aceite de oliva y jugo de lima.', 'Ensalada di mare', 190, '2014-03-28 13:30:48')
  [1m[36m (30.7ms)[0m  [1mCOMMIT[0m
Connecting to database specified by database.yml
Connecting to database specified by database.yml
  [1m[36m (69.9ms)[0m  [1mCREATE TABLE `schema_migrations` (`version` varchar(255) NOT NULL) ENGINE=InnoDB[0m
  [1m[35m (150.0ms)[0m  CREATE UNIQUE INDEX `unique_schema_migrations` ON `schema_migrations` (`version`)
  [1m[36m (2.3ms)[0m  [1mSELECT `schema_migrations`.`version` FROM `schema_migrations` [0m
Migrating to CreateProducts (20140328130819)
  [1m[35m (92.7ms)[0m  CREATE TABLE `products` (`id` int(11) DEFAULT NULL auto_increment PRIMARY KEY, `name` varchar(255), `description` text, `price` decimal, `category_id` int(11), `created_at` datetime NOT NULL, `updated_at` datetime NOT NULL) ENGINE=InnoDB
  [1m[36m (32.3ms)[0m  [1mINSERT INTO `schema_migrations` (`version`) VALUES ('20140328130819')[0m
Migrating to CreateCategories (20140328132327)
  [1m[35m (90.9ms)[0m  CREATE TABLE `categories` (`id` int(11) DEFAULT NULL auto_increment PRIMARY KEY, `name` varchar(255), `picture` varchar(255), `created_at` datetime NOT NULL, `updated_at` datetime NOT NULL) ENGINE=InnoDB
  [1m[36m (32.7ms)[0m  [1mINSERT INTO `schema_migrations` (`version`) VALUES ('20140328132327')[0m
  [1m[35m (0.4ms)[0m  SELECT `schema_migrations`.`version` FROM `schema_migrations` 
Connecting to database specified by database.yml
  [1m[36m (57.8ms)[0m  [1mCREATE TABLE `schema_migrations` (`version` varchar(255) NOT NULL) ENGINE=InnoDB[0m
  [1m[35m (141.6ms)[0m  CREATE UNIQUE INDEX `unique_schema_migrations` ON `schema_migrations` (`version`)
  [1m[36m (14.3ms)[0m  [1mSELECT `schema_migrations`.`version` FROM `schema_migrations` [0m
Migrating to CreateProducts (20140328130819)
  [1m[35m (139.8ms)[0m  CREATE TABLE `products` (`id` int(11) DEFAULT NULL auto_increment PRIMARY KEY, `name` varchar(255), `description` text, `price` decimal, `category_id` int(11), `created_at` datetime NOT NULL, `updated_at` datetime NOT NULL) ENGINE=InnoDB
  [1m[36m (26.1ms)[0m  [1mINSERT INTO `schema_migrations` (`version`) VALUES ('20140328130819')[0m
Migrating to CreateCategories (20140328132327)
  [1m[35m (74.3ms)[0m  CREATE TABLE `categories` (`id` int(11) DEFAULT NULL auto_increment PRIMARY KEY, `name` varchar(255), `picture` varchar(255), `created_at` datetime NOT NULL, `updated_at` datetime NOT NULL) ENGINE=InnoDB
  [1m[36m (32.6ms)[0m  [1mINSERT INTO `schema_migrations` (`version`) VALUES ('20140328132327')[0m
  [1m[35m (0.3ms)[0m  SELECT `schema_migrations`.`version` FROM `schema_migrations` 
Connecting to database specified by database.yml
  [1m[36m (55.5ms)[0m  [1mCREATE TABLE `schema_migrations` (`version` varchar(255) NOT NULL) ENGINE=InnoDB[0m
  [1m[35m (241.9ms)[0m  CREATE UNIQUE INDEX `unique_schema_migrations` ON `schema_migrations` (`version`)
  [1m[36m (1.6ms)[0m  [1mSELECT `schema_migrations`.`version` FROM `schema_migrations` [0m
Migrating to CreateProducts (20140328130819)
  [1m[35m (76.9ms)[0m  CREATE TABLE `products` (`id` int(11) DEFAULT NULL auto_increment PRIMARY KEY, `name` varchar(255), `description` text, `price` decimal, `category_id` int(11), `created_at` datetime NOT NULL, `updated_at` datetime NOT NULL) ENGINE=InnoDB
  [1m[36m (32.8ms)[0m  [1mINSERT INTO `schema_migrations` (`version`) VALUES ('20140328130819')[0m
Migrating to CreateCategories (20140328132327)
  [1m[35m (79.4ms)[0m  CREATE TABLE `categories` (`id` int(11) DEFAULT NULL auto_increment PRIMARY KEY, `name` varchar(255), `picture` varchar(255), `created_at` datetime NOT NULL, `updated_at` datetime NOT NULL) ENGINE=InnoDB
  [1m[36m (32.5ms)[0m  [1mINSERT INTO `schema_migrations` (`version`) VALUES ('20140328132327')[0m
  [1m[35m (0.6ms)[0m  SELECT `schema_migrations`.`version` FROM `schema_migrations` 
Connecting to database specified by database.yml
  [1m[36m (0.9ms)[0m  [1mSELECT `schema_migrations`.`version` FROM `schema_migrations` [0m
  [1m[35m (0.2ms)[0m  BEGIN
  [1m[36mSQL (0.4ms)[0m  [1mINSERT INTO `categories` (`created_at`, `name`, `picture`, `updated_at`) VALUES ('2014-03-28 13:35:51', 'Pizzetas', '/img/categories/pizzetas.jpg', '2014-03-28 13:35:51')[0m
  [1m[35m (29.2ms)[0m  COMMIT
  [1m[36m (0.2ms)[0m  [1mBEGIN[0m
  [1m[35mSQL (0.3ms)[0m  INSERT INTO `categories` (`created_at`, `name`, `picture`, `updated_at`) VALUES ('2014-03-28 13:35:51', 'Ensaladas', '/img/categories/ensaladas.jpg', '2014-03-28 13:35:51')
  [1m[36m (110.5ms)[0m  [1mCOMMIT[0m
  [1m[35m (0.2ms)[0m  BEGIN
  [1m[36mSQL (0.4ms)[0m  [1mINSERT INTO `products` (`category_id`, `created_at`, `description`, `name`, `price`, `updated_at`) VALUES (1, '2014-03-28 13:35:51', 'Mozzarella, salsa de tomates, provolone artesanal, tomates secos hidratados en vino blanco y tomillo fresco.', 'Pizzeta Don Zoilo', 295, '2014-03-28 13:35:51')[0m
  [1m[35m (32.1ms)[0m  COMMIT
  [1m[36m (0.2ms)[0m  [1mBEGIN[0m
  [1m[35mSQL (0.3ms)[0m  INSERT INTO `products` (`category_id`, `created_at`, `description`, `name`, `price`, `updated_at`) VALUES (2, '2014-03-28 13:35:51', 'Selección de verdes (rúcula, lechuga crespa, lechuga mora, albahaca fresca), salmón ahumado, alcaparras, mozzarella de bola y alineo de aceite de oliva y jugo de lima.', 'Ensalada di mare', 190, '2014-03-28 13:35:51')
  [1m[36m (29.0ms)[0m  [1mCOMMIT[0m
Connecting to database specified by database.yml


Started GET "/" for 127.0.0.1 at 2014-03-28 10:37:32 -0300
Connecting to database specified by database.yml
Processing by ProductsController#index as HTML
  [1m[36mProduct Load (0.2ms)[0m  [1mSELECT `products`.* FROM `products` [0m
  Rendered products/index.haml within layouts/application (16.9ms)
Completed 500 Internal Server Error in 69.9ms

ActionView::Template::Error (Illegal nesting: content can't be both given on the same line as %h1 and nested within it.):
    1: %h1 Productos
    2:   - @products.each do |p|
    3:     %p
    4:       = p.name
  app/views/products/index.haml:2


  Rendered /home/juan/.rvm/gems/ruby-1.9.3-p545/gems/actionpack-3.2.17/lib/action_dispatch/middleware/templates/rescues/_trace.erb (1.0ms)
  Rendered /home/juan/.rvm/gems/ruby-1.9.3-p545/gems/actionpack-3.2.17/lib/action_dispatch/middleware/templates/rescues/_request_and_response.erb (0.7ms)
  Rendered /home/juan/.rvm/gems/ruby-1.9.3-p545/gems/actionpack-3.2.17/lib/action_dispatch/middleware/templates/rescues/template_error.erb within rescues/layout (7.4ms)


Started GET "/" for 127.0.0.1 at 2014-03-28 10:37:48 -0300
Processing by ProductsController#index as HTML
  [1m[35mProduct Load (0.2ms)[0m  SELECT `products`.* FROM `products` 
  Rendered products/index.haml within layouts/application (0.5ms)
Completed 500 Internal Server Error in 2.4ms

ActionView::Template::Error (Illegal nesting: content can't be both given on the same line as %h1 and nested within it.):
    1: %h1 Productos
    2:   - @products.each do |p|
    3:     %p
    4:       = p.name
  app/views/products/index.haml:2


  Rendered /home/juan/.rvm/gems/ruby-1.9.3-p545/gems/actionpack-3.2.17/lib/action_dispatch/middleware/templates/rescues/_trace.erb (0.9ms)
  Rendered /home/juan/.rvm/gems/ruby-1.9.3-p545/gems/actionpack-3.2.17/lib/action_dispatch/middleware/templates/rescues/_request_and_response.erb (0.9ms)
  Rendered /home/juan/.rvm/gems/ruby-1.9.3-p545/gems/actionpack-3.2.17/lib/action_dispatch/middleware/templates/rescues/template_error.erb within rescues/layout (5.6ms)


Started GET "/" for 127.0.0.1 at 2014-03-28 10:37:59 -0300
Processing by ProductsController#index as HTML
  [1m[36mProduct Load (0.2ms)[0m  [1mSELECT `products`.* FROM `products` [0m
  Rendered products/index.haml within layouts/application (1.0ms)
Completed 200 OK in 6.0ms (Views: 4.2ms | ActiveRecord: 0.2ms)


Started GET "/stylesheets/application.css" for 127.0.0.1 at 2014-03-28 10:37:59 -0300

ActionController::RoutingError (No route matches [GET] "/stylesheets/application.css"):
  actionpack (3.2.17) lib/action_dispatch/middleware/debug_exceptions.rb:21:in `call'
  actionpack (3.2.17) lib/action_dispatch/middleware/show_exceptions.rb:56:in `call'
  railties (3.2.17) lib/rails/rack/logger.rb:32:in `call_app'
  railties (3.2.17) lib/rails/rack/logger.rb:16:in `block in call'
  activesupport (3.2.17) lib/active_support/tagged_logging.rb:22:in `tagged'
  railties (3.2.17) lib/rails/rack/logger.rb:16:in `call'
  actionpack (3.2.17) lib/action_dispatch/middleware/request_id.rb:22:in `call'
  rack (1.4.5) lib/rack/methodoverride.rb:21:in `call'
  rack (1.4.5) lib/rack/runtime.rb:17:in `call'
  activesupport (3.2.17) lib/active_support/cache/strategy/local_cache.rb:72:in `call'
  rack (1.4.5) lib/rack/lock.rb:15:in `call'
  actionpack (3.2.17) lib/action_dispatch/middleware/static.rb:63:in `call'
  railties (3.2.17) lib/rails/engine.rb:484:in `call'
  railties (3.2.17) lib/rails/application.rb:231:in `call'
  rack (1.4.5) lib/rack/content_length.rb:14:in `call'
  railties (3.2.17) lib/rails/rack/log_tailer.rb:17:in `call'
  thin (1.5.1) lib/thin/connection.rb:81:in `block in pre_process'
  thin (1.5.1) lib/thin/connection.rb:79:in `catch'
  thin (1.5.1) lib/thin/connection.rb:79:in `pre_process'
  thin (1.5.1) lib/thin/connection.rb:54:in `process'
  thin (1.5.1) lib/thin/connection.rb:39:in `receive_data'
  eventmachine (1.0.3) lib/eventmachine.rb:187:in `run_machine'
  eventmachine (1.0.3) lib/eventmachine.rb:187:in `run'
  thin (1.5.1) lib/thin/backends/base.rb:63:in `start'
  thin (1.5.1) lib/thin/server.rb:159:in `start'
  rack (1.4.5) lib/rack/handler/thin.rb:13:in `run'
  rack (1.4.5) lib/rack/server.rb:268:in `start'
  railties (3.2.17) lib/rails/commands/server.rb:70:in `start'
  railties (3.2.17) lib/rails/commands.rb:55:in `block in <top (required)>'
  railties (3.2.17) lib/rails/commands.rb:50:in `tap'
  railties (3.2.17) lib/rails/commands.rb:50:in `<top (required)>'
  script/rails:6:in `require'
  script/rails:6:in `<top (required)>'
  -e:1:in `load'
  -e:1:in `<main>'


  Rendered /home/juan/.rvm/gems/ruby-1.9.3-p545/gems/actionpack-3.2.17/lib/action_dispatch/middleware/templates/rescues/routing_error.erb within rescues/layout (0.5ms)


Started GET "/javascripts/application.js" for 127.0.0.1 at 2014-03-28 10:37:59 -0300

ActionController::RoutingError (No route matches [GET] "/javascripts/application.js"):
  actionpack (3.2.17) lib/action_dispatch/middleware/debug_exceptions.rb:21:in `call'
  actionpack (3.2.17) lib/action_dispatch/middleware/show_exceptions.rb:56:in `call'
  railties (3.2.17) lib/rails/rack/logger.rb:32:in `call_app'
  railties (3.2.17) lib/rails/rack/logger.rb:16:in `block in call'
  activesupport (3.2.17) lib/active_support/tagged_logging.rb:22:in `tagged'
  railties (3.2.17) lib/rails/rack/logger.rb:16:in `call'
  actionpack (3.2.17) lib/action_dispatch/middleware/request_id.rb:22:in `call'
  rack (1.4.5) lib/rack/methodoverride.rb:21:in `call'
  rack (1.4.5) lib/rack/runtime.rb:17:in `call'
  activesupport (3.2.17) lib/active_support/cache/strategy/local_cache.rb:72:in `call'
  rack (1.4.5) lib/rack/lock.rb:15:in `call'
  actionpack (3.2.17) lib/action_dispatch/middleware/static.rb:63:in `call'
  railties (3.2.17) lib/rails/engine.rb:484:in `call'
  railties (3.2.17) lib/rails/application.rb:231:in `call'
  rack (1.4.5) lib/rack/content_length.rb:14:in `call'
  railties (3.2.17) lib/rails/rack/log_tailer.rb:17:in `call'
  thin (1.5.1) lib/thin/connection.rb:81:in `block in pre_process'
  thin (1.5.1) lib/thin/connection.rb:79:in `catch'
  thin (1.5.1) lib/thin/connection.rb:79:in `pre_process'
  thin (1.5.1) lib/thin/connection.rb:54:in `process'
  thin (1.5.1) lib/thin/connection.rb:39:in `receive_data'
  eventmachine (1.0.3) lib/eventmachine.rb:187:in `run_machine'
  eventmachine (1.0.3) lib/eventmachine.rb:187:in `run'
  thin (1.5.1) lib/thin/backends/base.rb:63:in `start'
  thin (1.5.1) lib/thin/server.rb:159:in `start'
  rack (1.4.5) lib/rack/handler/thin.rb:13:in `run'
  rack (1.4.5) lib/rack/server.rb:268:in `start'
  railties (3.2.17) lib/rails/commands/server.rb:70:in `start'
  railties (3.2.17) lib/rails/commands.rb:55:in `block in <top (required)>'
  railties (3.2.17) lib/rails/commands.rb:50:in `tap'
  railties (3.2.17) lib/rails/commands.rb:50:in `<top (required)>'
  script/rails:6:in `require'
  script/rails:6:in `<top (required)>'
  -e:1:in `load'
  -e:1:in `<main>'


  Rendered /home/juan/.rvm/gems/ruby-1.9.3-p545/gems/actionpack-3.2.17/lib/action_dispatch/middleware/templates/rescues/routing_error.erb within rescues/layout (0.5ms)


Started GET "/" for 127.0.0.1 at 2014-03-28 10:38:07 -0300
Processing by ProductsController#index as HTML
  [1m[35mProduct Load (0.2ms)[0m  SELECT `products`.* FROM `products` 
  Rendered products/index.haml within layouts/application (0.3ms)
Completed 200 OK in 6.0ms (Views: 4.5ms | ActiveRecord: 0.2ms)


Started GET "/stylesheets/application.css" for 127.0.0.1 at 2014-03-28 10:38:07 -0300

ActionController::RoutingError (No route matches [GET] "/stylesheets/application.css"):
  actionpack (3.2.17) lib/action_dispatch/middleware/debug_exceptions.rb:21:in `call'
  actionpack (3.2.17) lib/action_dispatch/middleware/show_exceptions.rb:56:in `call'
  railties (3.2.17) lib/rails/rack/logger.rb:32:in `call_app'
  railties (3.2.17) lib/rails/rack/logger.rb:16:in `block in call'
  activesupport (3.2.17) lib/active_support/tagged_logging.rb:22:in `tagged'
  railties (3.2.17) lib/rails/rack/logger.rb:16:in `call'
  actionpack (3.2.17) lib/action_dispatch/middleware/request_id.rb:22:in `call'
  rack (1.4.5) lib/rack/methodoverride.rb:21:in `call'
  rack (1.4.5) lib/rack/runtime.rb:17:in `call'
  activesupport (3.2.17) lib/active_support/cache/strategy/local_cache.rb:72:in `call'
  rack (1.4.5) lib/rack/lock.rb:15:in `call'
  actionpack (3.2.17) lib/action_dispatch/middleware/static.rb:63:in `call'
  railties (3.2.17) lib/rails/engine.rb:484:in `call'
  railties (3.2.17) lib/rails/application.rb:231:in `call'
  rack (1.4.5) lib/rack/content_length.rb:14:in `call'
  railties (3.2.17) lib/rails/rack/log_tailer.rb:17:in `call'
  thin (1.5.1) lib/thin/connection.rb:81:in `block in pre_process'
  thin (1.5.1) lib/thin/connection.rb:79:in `catch'
  thin (1.5.1) lib/thin/connection.rb:79:in `pre_process'
  thin (1.5.1) lib/thin/connection.rb:54:in `process'
  thin (1.5.1) lib/thin/connection.rb:39:in `receive_data'
  eventmachine (1.0.3) lib/eventmachine.rb:187:in `run_machine'
  eventmachine (1.0.3) lib/eventmachine.rb:187:in `run'
  thin (1.5.1) lib/thin/backends/base.rb:63:in `start'
  thin (1.5.1) lib/thin/server.rb:159:in `start'
  rack (1.4.5) lib/rack/handler/thin.rb:13:in `run'
  rack (1.4.5) lib/rack/server.rb:268:in `start'
  railties (3.2.17) lib/rails/commands/server.rb:70:in `start'
  railties (3.2.17) lib/rails/commands.rb:55:in `block in <top (required)>'
  railties (3.2.17) lib/rails/commands.rb:50:in `tap'
  railties (3.2.17) lib/rails/commands.rb:50:in `<top (required)>'
  script/rails:6:in `require'
  script/rails:6:in `<top (required)>'
  -e:1:in `load'
  -e:1:in `<main>'


  Rendered /home/juan/.rvm/gems/ruby-1.9.3-p545/gems/actionpack-3.2.17/lib/action_dispatch/middleware/templates/rescues/routing_error.erb within rescues/layout (0.5ms)


Started GET "/javascripts/application.js" for 127.0.0.1 at 2014-03-28 10:38:07 -0300

ActionController::RoutingError (No route matches [GET] "/javascripts/application.js"):
  actionpack (3.2.17) lib/action_dispatch/middleware/debug_exceptions.rb:21:in `call'
  actionpack (3.2.17) lib/action_dispatch/middleware/show_exceptions.rb:56:in `call'
  railties (3.2.17) lib/rails/rack/logger.rb:32:in `call_app'
  railties (3.2.17) lib/rails/rack/logger.rb:16:in `block in call'
  activesupport (3.2.17) lib/active_support/tagged_logging.rb:22:in `tagged'
  railties (3.2.17) lib/rails/rack/logger.rb:16:in `call'
  actionpack (3.2.17) lib/action_dispatch/middleware/request_id.rb:22:in `call'
  rack (1.4.5) lib/rack/methodoverride.rb:21:in `call'
  rack (1.4.5) lib/rack/runtime.rb:17:in `call'
  activesupport (3.2.17) lib/active_support/cache/strategy/local_cache.rb:72:in `call'
  rack (1.4.5) lib/rack/lock.rb:15:in `call'
  actionpack (3.2.17) lib/action_dispatch/middleware/static.rb:63:in `call'
  railties (3.2.17) lib/rails/engine.rb:484:in `call'
  railties (3.2.17) lib/rails/application.rb:231:in `call'
  rack (1.4.5) lib/rack/content_length.rb:14:in `call'
  railties (3.2.17) lib/rails/rack/log_tailer.rb:17:in `call'
  thin (1.5.1) lib/thin/connection.rb:81:in `block in pre_process'
  thin (1.5.1) lib/thin/connection.rb:79:in `catch'
  thin (1.5.1) lib/thin/connection.rb:79:in `pre_process'
  thin (1.5.1) lib/thin/connection.rb:54:in `process'
  thin (1.5.1) lib/thin/connection.rb:39:in `receive_data'
  eventmachine (1.0.3) lib/eventmachine.rb:187:in `run_machine'
  eventmachine (1.0.3) lib/eventmachine.rb:187:in `run'
  thin (1.5.1) lib/thin/backends/base.rb:63:in `start'
  thin (1.5.1) lib/thin/server.rb:159:in `start'
  rack (1.4.5) lib/rack/handler/thin.rb:13:in `run'
  rack (1.4.5) lib/rack/server.rb:268:in `start'
  railties (3.2.17) lib/rails/commands/server.rb:70:in `start'
  railties (3.2.17) lib/rails/commands.rb:55:in `block in <top (required)>'
  railties (3.2.17) lib/rails/commands.rb:50:in `tap'
  railties (3.2.17) lib/rails/commands.rb:50:in `<top (required)>'
  script/rails:6:in `require'
  script/rails:6:in `<top (required)>'
  -e:1:in `load'
  -e:1:in `<main>'


  Rendered /home/juan/.rvm/gems/ruby-1.9.3-p545/gems/actionpack-3.2.17/lib/action_dispatch/middleware/templates/rescues/routing_error.erb within rescues/layout (0.5ms)


Started GET "/" for 127.0.0.1 at 2014-03-28 10:38:31 -0300
Processing by ProductsController#index as HTML
  [1m[36mProduct Load (0.1ms)[0m  [1mSELECT `products`.* FROM `products` [0m
  Rendered products/index.haml within layouts/application (0.2ms)
Completed 200 OK in 6.5ms (Views: 5.3ms | ActiveRecord: 0.1ms)


Started GET "/" for 127.0.0.1 at 2014-03-28 10:38:35 -0300
Processing by ProductsController#index as HTML
  [1m[35mProduct Load (0.3ms)[0m  SELECT `products`.* FROM `products` 
  Rendered products/index.haml within layouts/application (0.1ms)
Completed 200 OK in 5.1ms (Views: 2.9ms | ActiveRecord: 0.3ms)


Started GET "/" for 127.0.0.1 at 2014-03-28 10:42:54 -0300
Processing by ProductsController#index as HTML
  [1m[36mProduct Load (0.3ms)[0m  [1mSELECT `products`.* FROM `products` [0m
  Rendered products/index.haml within layouts/application (0.1ms)
Completed 200 OK in 7.8ms (Views: 5.6ms | ActiveRecord: 0.3ms)


Started GET "/stylesheets/application.css" for 127.0.0.1 at 2014-03-28 10:42:54 -0300

ActionController::RoutingError (No route matches [GET] "/stylesheets/application.css"):
  actionpack (3.2.17) lib/action_dispatch/middleware/debug_exceptions.rb:21:in `call'
  actionpack (3.2.17) lib/action_dispatch/middleware/show_exceptions.rb:56:in `call'
  railties (3.2.17) lib/rails/rack/logger.rb:32:in `call_app'
  railties (3.2.17) lib/rails/rack/logger.rb:16:in `block in call'
  activesupport (3.2.17) lib/active_support/tagged_logging.rb:22:in `tagged'
  railties (3.2.17) lib/rails/rack/logger.rb:16:in `call'
  actionpack (3.2.17) lib/action_dispatch/middleware/request_id.rb:22:in `call'
  rack (1.4.5) lib/rack/methodoverride.rb:21:in `call'
  rack (1.4.5) lib/rack/runtime.rb:17:in `call'
  activesupport (3.2.17) lib/active_support/cache/strategy/local_cache.rb:72:in `call'
  rack (1.4.5) lib/rack/lock.rb:15:in `call'
  actionpack (3.2.17) lib/action_dispatch/middleware/static.rb:63:in `call'
  railties (3.2.17) lib/rails/engine.rb:484:in `call'
  railties (3.2.17) lib/rails/application.rb:231:in `call'
  rack (1.4.5) lib/rack/content_length.rb:14:in `call'
  railties (3.2.17) lib/rails/rack/log_tailer.rb:17:in `call'
  thin (1.5.1) lib/thin/connection.rb:81:in `block in pre_process'
  thin (1.5.1) lib/thin/connection.rb:79:in `catch'
  thin (1.5.1) lib/thin/connection.rb:79:in `pre_process'
  thin (1.5.1) lib/thin/connection.rb:54:in `process'
  thin (1.5.1) lib/thin/connection.rb:39:in `receive_data'
  eventmachine (1.0.3) lib/eventmachine.rb:187:in `run_machine'
  eventmachine (1.0.3) lib/eventmachine.rb:187:in `run'
  thin (1.5.1) lib/thin/backends/base.rb:63:in `start'
  thin (1.5.1) lib/thin/server.rb:159:in `start'
  rack (1.4.5) lib/rack/handler/thin.rb:13:in `run'
  rack (1.4.5) lib/rack/server.rb:268:in `start'
  railties (3.2.17) lib/rails/commands/server.rb:70:in `start'
  railties (3.2.17) lib/rails/commands.rb:55:in `block in <top (required)>'
  railties (3.2.17) lib/rails/commands.rb:50:in `tap'
  railties (3.2.17) lib/rails/commands.rb:50:in `<top (required)>'
  script/rails:6:in `require'
  script/rails:6:in `<top (required)>'
  -e:1:in `load'
  -e:1:in `<main>'


  Rendered /home/juan/.rvm/gems/ruby-1.9.3-p545/gems/actionpack-3.2.17/lib/action_dispatch/middleware/templates/rescues/routing_error.erb within rescues/layout (0.5ms)


Started GET "/javascripts/application.js" for 127.0.0.1 at 2014-03-28 10:42:54 -0300

ActionController::RoutingError (No route matches [GET] "/javascripts/application.js"):
  actionpack (3.2.17) lib/action_dispatch/middleware/debug_exceptions.rb:21:in `call'
  actionpack (3.2.17) lib/action_dispatch/middleware/show_exceptions.rb:56:in `call'
  railties (3.2.17) lib/rails/rack/logger.rb:32:in `call_app'
  railties (3.2.17) lib/rails/rack/logger.rb:16:in `block in call'
  activesupport (3.2.17) lib/active_support/tagged_logging.rb:22:in `tagged'
  railties (3.2.17) lib/rails/rack/logger.rb:16:in `call'
  actionpack (3.2.17) lib/action_dispatch/middleware/request_id.rb:22:in `call'
  rack (1.4.5) lib/rack/methodoverride.rb:21:in `call'
  rack (1.4.5) lib/rack/runtime.rb:17:in `call'
  activesupport (3.2.17) lib/active_support/cache/strategy/local_cache.rb:72:in `call'
  rack (1.4.5) lib/rack/lock.rb:15:in `call'
  actionpack (3.2.17) lib/action_dispatch/middleware/static.rb:63:in `call'
  railties (3.2.17) lib/rails/engine.rb:484:in `call'
  railties (3.2.17) lib/rails/application.rb:231:in `call'
  rack (1.4.5) lib/rack/content_length.rb:14:in `call'
  railties (3.2.17) lib/rails/rack/log_tailer.rb:17:in `call'
  thin (1.5.1) lib/thin/connection.rb:81:in `block in pre_process'
  thin (1.5.1) lib/thin/connection.rb:79:in `catch'
  thin (1.5.1) lib/thin/connection.rb:79:in `pre_process'
  thin (1.5.1) lib/thin/connection.rb:54:in `process'
  thin (1.5.1) lib/thin/connection.rb:39:in `receive_data'
  eventmachine (1.0.3) lib/eventmachine.rb:187:in `run_machine'
  eventmachine (1.0.3) lib/eventmachine.rb:187:in `run'
  thin (1.5.1) lib/thin/backends/base.rb:63:in `start'
  thin (1.5.1) lib/thin/server.rb:159:in `start'
  rack (1.4.5) lib/rack/handler/thin.rb:13:in `run'
  rack (1.4.5) lib/rack/server.rb:268:in `start'
  railties (3.2.17) lib/rails/commands/server.rb:70:in `start'
  railties (3.2.17) lib/rails/commands.rb:55:in `block in <top (required)>'
  railties (3.2.17) lib/rails/commands.rb:50:in `tap'
  railties (3.2.17) lib/rails/commands.rb:50:in `<top (required)>'
  script/rails:6:in `require'
  script/rails:6:in `<top (required)>'
  -e:1:in `load'
  -e:1:in `<main>'


  Rendered /home/juan/.rvm/gems/ruby-1.9.3-p545/gems/actionpack-3.2.17/lib/action_dispatch/middleware/templates/rescues/routing_error.erb within rescues/layout (0.7ms)


Started GET "/" for 127.0.0.1 at 2014-03-28 10:45:21 -0300
Connecting to database specified by database.yml
Processing by ProductsController#index as HTML
  [1m[36mProduct Load (0.1ms)[0m  [1mSELECT `products`.* FROM `products` [0m
  Rendered products/index.haml within layouts/application (2.3ms)
Completed 200 OK in 55.0ms (Views: 23.5ms | ActiveRecord: 1.7ms)


Started GET "/" for 127.0.0.1 at 2014-03-28 10:45:23 -0300
Processing by ProductsController#index as HTML
  [1m[35mProduct Load (0.4ms)[0m  SELECT `products`.* FROM `products` 
  Rendered products/index.haml within layouts/application (0.2ms)
Completed 200 OK in 8.0ms (Views: 4.6ms | ActiveRecord: 0.4ms)


Started GET "/" for 127.0.0.1 at 2014-03-28 10:45:37 -0300
Processing by ProductsController#index as HTML
  [1m[36mProduct Load (0.3ms)[0m  [1mSELECT `products`.* FROM `products` [0m
  Rendered products/index.haml within layouts/application (0.3ms)
Completed 200 OK in 7.0ms (Views: 4.0ms | ActiveRecord: 0.3ms)
Connecting to database specified by database.yml
  [1m[36m (150.8ms)[0m  [1mCREATE TABLE `schema_migrations` (`version` varchar(255) NOT NULL) ENGINE=InnoDB[0m
  [1m[35m (133.6ms)[0m  CREATE UNIQUE INDEX `unique_schema_migrations` ON `schema_migrations` (`version`)
  [1m[36m (2.2ms)[0m  [1mSELECT `schema_migrations`.`version` FROM `schema_migrations` [0m
Migrating to CreateProducts (20140328130819)
  [1m[35m (74.5ms)[0m  CREATE TABLE `products` (`id` int(11) DEFAULT NULL auto_increment PRIMARY KEY, `name` varchar(255), `description` text, `price` decimal, `category_id` int(11), `created_at` datetime NOT NULL, `updated_at` datetime NOT NULL) ENGINE=InnoDB
  [1m[36m (23.9ms)[0m  [1mINSERT INTO `schema_migrations` (`version`) VALUES ('20140328130819')[0m
Migrating to CreateCategories (20140328132327)
  [1m[35m (72.0ms)[0m  CREATE TABLE `categories` (`id` int(11) DEFAULT NULL auto_increment PRIMARY KEY, `name` varchar(255), `picture` varchar(255), `created_at` datetime NOT NULL, `updated_at` datetime NOT NULL) ENGINE=InnoDB
  [1m[36m (32.5ms)[0m  [1mINSERT INTO `schema_migrations` (`version`) VALUES ('20140328132327')[0m
  [1m[35m (0.2ms)[0m  SELECT `schema_migrations`.`version` FROM `schema_migrations` 
Connecting to database specified by database.yml
  [1m[36m (1.0ms)[0m  [1mSELECT `schema_migrations`.`version` FROM `schema_migrations` [0m
  [1m[35m (0.1ms)[0m  BEGIN
  [1m[36mSQL (0.4ms)[0m  [1mINSERT INTO `categories` (`created_at`, `name`, `picture`, `updated_at`) VALUES ('2014-03-28 13:48:27', 'Pizzetas', '/images/categories/pizzetas.jpg', '2014-03-28 13:48:27')[0m
  [1m[35m (54.2ms)[0m  COMMIT
  [1m[36m (0.3ms)[0m  [1mBEGIN[0m
  [1m[35mSQL (16.7ms)[0m  INSERT INTO `categories` (`created_at`, `name`, `picture`, `updated_at`) VALUES ('2014-03-28 13:48:27', 'Ensaladas', '/images/categories/ensaladas.jpg', '2014-03-28 13:48:27')
  [1m[36m (29.5ms)[0m  [1mCOMMIT[0m
  [1m[35m (0.2ms)[0m  BEGIN
  [1m[36mSQL (0.4ms)[0m  [1mINSERT INTO `products` (`category_id`, `created_at`, `description`, `name`, `price`, `updated_at`) VALUES (1, '2014-03-28 13:48:27', 'Mozzarella, salsa de tomates, provolone artesanal, tomates secos hidratados en vino blanco y tomillo fresco.', 'Pizzeta Don Zoilo', 295, '2014-03-28 13:48:27')[0m
  [1m[35m (32.8ms)[0m  COMMIT
  [1m[36m (0.3ms)[0m  [1mBEGIN[0m
  [1m[35mSQL (0.4ms)[0m  INSERT INTO `products` (`category_id`, `created_at`, `description`, `name`, `price`, `updated_at`) VALUES (2, '2014-03-28 13:48:27', 'Selección de verdes (rúcula, lechuga crespa, lechuga mora, albahaca fresca), salmón ahumado, alcaparras, mozzarella de bola y alineo de aceite de oliva y jugo de lima.', 'Ensalada di mare', 190, '2014-03-28 13:48:27')
  [1m[36m (28.8ms)[0m  [1mCOMMIT[0m


Started GET "/" for 127.0.0.1 at 2014-03-28 10:48:40 -0300
Processing by ProductsController#index as HTML
  [1m[35mProduct Load (0.3ms)[0m  SELECT `products`.* FROM `products` 
  Rendered products/index.haml within layouts/application (0.1ms)
Completed 200 OK in 14.3ms (Views: 5.6ms | ActiveRecord: 1.8ms)
